<?xml version="1.0" encoding="UTF-8"?>
<testng-results skipped="0" failed="1" ignored="0" total="4" passed="3">
  <reporter-output>
  </reporter-output>
  <suite name="Suite" duration-ms="69995" started-at="2020-03-23T13:45:20 EDT" finished-at="2020-03-23T13:46:30 EDT">
    <groups>
    </groups>
    <test name="Test" duration-ms="37520" started-at="2020-03-23T13:45:20 EDT" finished-at="2020-03-23T13:45:57 EDT">
      <class name="qaAcademy.HomePage">
        <test-method status="PASS" signature="initialize()[pri:0, instance:qaAcademy.HomePage@530612ba]" name="initialize" is-config="true" duration-ms="14841" started-at="2020-03-23T13:45:20 EDT" finished-at="2020-03-23T13:45:35 EDT">
          <reporter-output>
          </reporter-output>
        </test-method> <!-- initialize -->
        <test-method status="PASS" signature="basePageNavigation(java.lang.String, java.lang.String, java.lang.String)[pri:0, instance:qaAcademy.HomePage@530612ba]" name="basePageNavigation" duration-ms="7275" started-at="2020-03-23T13:45:35 EDT" data-provider="getdata" finished-at="2020-03-23T13:45:42 EDT">
          <params>
            <param index="0">
              <value>
                <![CDATA[nonrestricted34@yahoo.com]]>
              </value>
            </param>
            <param index="1">
              <value>
                <![CDATA[13456]]>
              </value>
            </param>
            <param index="2">
              <value>
                <![CDATA[non-restricted]]>
              </value>
            </param>
          </params>
          <reporter-output>
          </reporter-output>
        </test-method> <!-- basePageNavigation -->
        <test-method status="FAIL" signature="basePageNavigation(java.lang.String, java.lang.String, java.lang.String)[pri:0, instance:qaAcademy.HomePage@530612ba]" name="basePageNavigation" duration-ms="10138" started-at="2020-03-23T13:45:42 EDT" data-provider="getdata" finished-at="2020-03-23T13:45:52 EDT">
          <params>
            <param index="0">
              <value>
                <![CDATA[restricted34@yahoo.com]]>
              </value>
            </param>
            <param index="1">
              <value>
                <![CDATA[13456]]>
              </value>
            </param>
            <param index="2">
              <value>
                <![CDATA[restricted]]>
              </value>
            </param>
          </params>
          <exception class="org.openqa.selenium.NoSuchElementException">
            <message>
              <![CDATA[no such element: Unable to locate element: {"method":"css selector","selector":"a[href*='sign_in']"}
  (Session info: chrome=80.0.3987.149)
For documentation on this error, please visit: http://seleniumhq.org/exceptions/no_such_element.html
Build info: version: '3.4.0', revision: 'unknown', time: 'unknown'
System info: host: 'DESKTOP-8C2DA9I', ip: '172.20.10.4', os.name: 'Windows 10', os.arch: 'amd64', os.version: '10.0', java.version: '1.8.0_221'
Driver info: org.openqa.selenium.chrome.ChromeDriver
Capabilities [{networkConnectionEnabled=false, chrome={chromedriverVersion=80.0.3987.106 (f68069574609230cf9b635cd784cfb1bf81bb53a-refs/branch-heads/3987@{#882}), userDataDir=C:\Users\abduc\AppData\Local\Temp\scoped_dir12980_704050529}, timeouts={implicit=0.0, pageLoad=300000.0, script=30000.0}, pageLoadStrategy=normal, unhandledPromptBehavior=dismiss and notify, strictFileInteractability=false, platform=ANY, proxy=Proxy(), goog:chromeOptions={debuggerAddress=localhost:61866}, acceptInsecureCerts=false, browserVersion=80.0.3987.149, browserName=chrome, javascriptEnabled=true, platformName=windows, setWindowRect=true}]
Session ID: a999750133a7f35854b0d98e59b240d9
*** Element info: {Using=css selector, value=a[href*='sign_in']}]]>
            </message>
            <full-stacktrace>
              <![CDATA[org.openqa.selenium.NoSuchElementException: no such element: Unable to locate element: {"method":"css selector","selector":"a[href*='sign_in']"}
  (Session info: chrome=80.0.3987.149)
For documentation on this error, please visit: http://seleniumhq.org/exceptions/no_such_element.html
Build info: version: '3.4.0', revision: 'unknown', time: 'unknown'
System info: host: 'DESKTOP-8C2DA9I', ip: '172.20.10.4', os.name: 'Windows 10', os.arch: 'amd64', os.version: '10.0', java.version: '1.8.0_221'
Driver info: org.openqa.selenium.chrome.ChromeDriver
Capabilities [{networkConnectionEnabled=false, chrome={chromedriverVersion=80.0.3987.106 (f68069574609230cf9b635cd784cfb1bf81bb53a-refs/branch-heads/3987@{#882}), userDataDir=C:\Users\abduc\AppData\Local\Temp\scoped_dir12980_704050529}, timeouts={implicit=0.0, pageLoad=300000.0, script=30000.0}, pageLoadStrategy=normal, unhandledPromptBehavior=dismiss and notify, strictFileInteractability=false, platform=ANY, proxy=Proxy(), goog:chromeOptions={debuggerAddress=localhost:61866}, acceptInsecureCerts=false, browserVersion=80.0.3987.149, browserName=chrome, javascriptEnabled=true, platformName=windows, setWindowRect=true}]
Session ID: a999750133a7f35854b0d98e59b240d9
*** Element info: {Using=css selector, value=a[href*='sign_in']}
at sun.reflect.NativeConstructorAccessorImpl.newInstance0(Native Method)
at sun.reflect.NativeConstructorAccessorImpl.newInstance(Unknown Source)
at sun.reflect.DelegatingConstructorAccessorImpl.newInstance(Unknown Source)
at java.lang.reflect.Constructor.newInstance(Unknown Source)
at org.openqa.selenium.remote.http.W3CHttpResponseCodec.createException(W3CHttpResponseCodec.java:150)
at org.openqa.selenium.remote.http.W3CHttpResponseCodec.decode(W3CHttpResponseCodec.java:115)
at org.openqa.selenium.remote.http.W3CHttpResponseCodec.decode(W3CHttpResponseCodec.java:45)
at org.openqa.selenium.remote.HttpCommandExecutor.execute(HttpCommandExecutor.java:164)
at org.openqa.selenium.remote.service.DriverCommandExecutor.execute(DriverCommandExecutor.java:82)
at org.openqa.selenium.remote.RemoteWebDriver.execute(RemoteWebDriver.java:637)
at org.openqa.selenium.remote.RemoteWebDriver.findElement(RemoteWebDriver.java:410)
at org.openqa.selenium.remote.RemoteWebDriver.findElementByCssSelector(RemoteWebDriver.java:501)
at org.openqa.selenium.By$ByCssSelector.findElement(By.java:430)
at org.openqa.selenium.remote.RemoteWebDriver.findElement(RemoteWebDriver.java:402)
at pageObjects.LandingPage.getlogin(LandingPage.java:28)
at qaAcademy.HomePage.basePageNavigation(HomePage.java:30)
at sun.reflect.NativeMethodAccessorImpl.invoke0(Native Method)
at sun.reflect.NativeMethodAccessorImpl.invoke(Unknown Source)
at sun.reflect.DelegatingMethodAccessorImpl.invoke(Unknown Source)
at java.lang.reflect.Method.invoke(Unknown Source)
at org.testng.internal.MethodInvocationHelper.invokeMethod(MethodInvocationHelper.java:133)
at org.testng.internal.TestInvoker.invokeMethod(TestInvoker.java:584)
at org.testng.internal.TestInvoker.invokeTestMethod(TestInvoker.java:172)
at org.testng.internal.MethodRunner.runInSequence(MethodRunner.java:46)
at org.testng.internal.TestInvoker$MethodInvocationAgent.invoke(TestInvoker.java:804)
at org.testng.internal.TestInvoker.invokeTestMethods(TestInvoker.java:145)
at org.testng.internal.TestMethodWorker.invokeTestMethods(TestMethodWorker.java:146)
at org.testng.internal.TestMethodWorker.run(TestMethodWorker.java:128)
at java.util.ArrayList.forEach(Unknown Source)
at org.testng.TestRunner.privateRun(TestRunner.java:770)
at org.testng.TestRunner.run(TestRunner.java:591)
at org.testng.SuiteRunner.runTest(SuiteRunner.java:402)
at org.testng.SuiteRunner.runSequentially(SuiteRunner.java:396)
at org.testng.SuiteRunner.privateRun(SuiteRunner.java:355)
at org.testng.SuiteRunner.run(SuiteRunner.java:304)
at org.testng.SuiteRunnerWorker.runSuite(SuiteRunnerWorker.java:53)
at org.testng.SuiteRunnerWorker.run(SuiteRunnerWorker.java:96)
at org.testng.TestNG.runSuitesSequentially(TestNG.java:1180)
at org.testng.TestNG.runSuitesLocally(TestNG.java:1102)
at org.testng.TestNG.runSuites(TestNG.java:1032)
at org.testng.TestNG.run(TestNG.java:1000)
at org.testng.remote.AbstractRemoteTestNG.run(AbstractRemoteTestNG.java:115)
at org.testng.remote.RemoteTestNG.initAndRun(RemoteTestNG.java:251)
at org.testng.remote.RemoteTestNG.main(RemoteTestNG.java:77)
]]>
            </full-stacktrace>
          </exception> <!-- org.openqa.selenium.NoSuchElementException -->
          <reporter-output>
          </reporter-output>
        </test-method> <!-- basePageNavigation -->
        <test-method status="PASS" signature="teardown()[pri:0, instance:qaAcademy.HomePage@530612ba]" name="teardown" is-config="true" duration-ms="4503" started-at="2020-03-23T13:45:53 EDT" finished-at="2020-03-23T13:45:57 EDT">
          <reporter-output>
          </reporter-output>
        </test-method> <!-- teardown -->
      </class> <!-- qaAcademy.HomePage -->
    </test> <!-- Test -->
    <test name="test1" duration-ms="1" started-at="2020-03-23T13:45:58 EDT" finished-at="2020-03-23T13:45:58 EDT">
    </test> <!-- test1 -->
    <test name="test2" duration-ms="15907" started-at="2020-03-23T13:45:58 EDT" finished-at="2020-03-23T13:46:14 EDT">
      <class name="qaAcademy.ValidateHeader">
        <test-method status="PASS" signature="initialize()[pri:0, instance:qaAcademy.ValidateHeader@7c7a06ec]" name="initialize" is-config="true" duration-ms="11556" started-at="2020-03-23T13:45:58 EDT" finished-at="2020-03-23T13:46:09 EDT">
          <reporter-output>
          </reporter-output>
        </test-method> <!-- initialize -->
        <test-method status="PASS" signature="verifyheader()[pri:0, instance:qaAcademy.ValidateHeader@7c7a06ec]" name="verifyheader" duration-ms="140" started-at="2020-03-23T13:46:09 EDT" finished-at="2020-03-23T13:46:09 EDT">
          <reporter-output>
          </reporter-output>
        </test-method> <!-- verifyheader -->
        <test-method status="PASS" signature="teardown()[pri:0, instance:qaAcademy.ValidateHeader@7c7a06ec]" name="teardown" is-config="true" duration-ms="4204" started-at="2020-03-23T13:46:09 EDT" finished-at="2020-03-23T13:46:14 EDT">
          <reporter-output>
          </reporter-output>
        </test-method> <!-- teardown -->
      </class> <!-- qaAcademy.ValidateHeader -->
    </test> <!-- test2 -->
    <test name="test3" duration-ms="16245" started-at="2020-03-23T13:46:14 EDT" finished-at="2020-03-23T13:46:30 EDT">
      <class name="qaAcademy.ValidateTitle">
        <test-method status="PASS" signature="initializedriver()[pri:0, instance:qaAcademy.ValidateTitle@22555ebf]" name="initializedriver" is-config="true" duration-ms="11599" started-at="2020-03-23T13:46:14 EDT" finished-at="2020-03-23T13:46:25 EDT">
          <reporter-output>
          </reporter-output>
        </test-method> <!-- initializedriver -->
        <test-method status="PASS" signature="verifytitle()[pri:0, instance:qaAcademy.ValidateTitle@22555ebf]" name="verifytitle" duration-ms="425" started-at="2020-03-23T13:46:25 EDT" finished-at="2020-03-23T13:46:26 EDT">
          <reporter-output>
          </reporter-output>
        </test-method> <!-- verifytitle -->
        <test-method status="PASS" signature="teardown()[pri:0, instance:qaAcademy.ValidateTitle@22555ebf]" name="teardown" is-config="true" duration-ms="4216" started-at="2020-03-23T13:46:26 EDT" finished-at="2020-03-23T13:46:30 EDT">
          <reporter-output>
          </reporter-output>
        </test-method> <!-- teardown -->
      </class> <!-- qaAcademy.ValidateTitle -->
    </test> <!-- test3 -->
  </suite> <!-- Suite -->
</testng-results>
